2019-06-12 11:20:16 ContextLoader.java INFO Root WebApplicationContext: initialization started
2019-06-12 11:20:16 AbstractApplicationContext.java INFO Refreshing Root WebApplicationContext: startup date [Wed Jun 12 11:20:16 CST 2019]; root of context hierarchy
2019-06-12 11:20:16 XmlBeanDefinitionReader.java INFO Loading XML bean definitions from class path resource [app-context.xml]
2019-06-12 11:20:16 XmlBeanDefinitionReader.java INFO Loading XML bean definitions from class path resource [dubbo-consumer.xml]
2019-06-12 11:20:16 ? INFO using logger: com.alibaba.dubbo.common.logger.log4j.Log4jLoggerAdapter
2019-06-12 11:20:17 AutowiredAnnotationBeanPostProcessor.java INFO JSR-330 'javax.inject.Inject' annotation found and supported for autowiring
2019-06-12 11:20:17 AbstractApplicationContext.java WARN Exception encountered during context initialization - cancelling refresh attempt: org.springframework.beans.factory.BeanCreationException: Error creating bean with name 'org.springframework.aop.config.internalAutoProxyCreator': Initialization of bean failed; nested exception is java.lang.NoClassDefFoundError: org/aspectj/lang/annotation/Around
2019-06-12 11:20:17 ContextLoader.java ERROR Context initialization failed
org.springframework.beans.factory.BeanCreationException: Error creating bean with name 'org.springframework.aop.config.internalAutoProxyCreator': Initialization of bean failed; nested exception is java.lang.NoClassDefFoundError: org/aspectj/lang/annotation/Around
	at org.springframework.beans.factory.support.AbstractAutowireCapableBeanFactory.doCreateBean(AbstractAutowireCapableBeanFactory.java:564)
	at org.springframework.beans.factory.support.AbstractAutowireCapableBeanFactory.createBean(AbstractAutowireCapableBeanFactory.java:483)
	at org.springframework.beans.factory.support.AbstractBeanFactory$1.getObject(AbstractBeanFactory.java:306)
	at org.springframework.beans.factory.support.DefaultSingletonBeanRegistry.getSingleton(DefaultSingletonBeanRegistry.java:230)
	at org.springframework.beans.factory.support.AbstractBeanFactory.doGetBean(AbstractBeanFactory.java:302)
	at org.springframework.beans.factory.support.AbstractBeanFactory.getBean(AbstractBeanFactory.java:202)
	at org.springframework.context.support.PostProcessorRegistrationDelegate.registerBeanPostProcessors(PostProcessorRegistrationDelegate.java:223)
	at org.springframework.context.support.AbstractApplicationContext.registerBeanPostProcessors(AbstractApplicationContext.java:702)
	at org.springframework.context.support.AbstractApplicationContext.refresh(AbstractApplicationContext.java:527)
	at org.springframework.web.context.ContextLoader.configureAndRefreshWebApplicationContext(ContextLoader.java:443)
	at org.springframework.web.context.ContextLoader.initWebApplicationContext(ContextLoader.java:325)
	at org.springframework.web.context.ContextLoaderListener.contextInitialized(ContextLoaderListener.java:107)
	at org.eclipse.jetty.server.handler.ContextHandler.callContextInitialized(ContextHandler.java:835)
	at org.eclipse.jetty.servlet.ServletContextHandler.callContextInitialized(ServletContextHandler.java:534)
	at org.eclipse.jetty.server.handler.ContextHandler.startContext(ContextHandler.java:808)
	at org.eclipse.jetty.servlet.ServletContextHandler.startContext(ServletContextHandler.java:346)
	at org.eclipse.jetty.webapp.WebAppContext.startWebapp(WebAppContext.java:1379)
	at org.eclipse.jetty.maven.plugin.JettyWebAppContext.startWebapp(JettyWebAppContext.java:323)
	at org.eclipse.jetty.webapp.WebAppContext.startContext(WebAppContext.java:1341)
	at org.eclipse.jetty.server.handler.ContextHandler.doStart(ContextHandler.java:772)
	at org.eclipse.jetty.servlet.ServletContextHandler.doStart(ServletContextHandler.java:263)
	at org.eclipse.jetty.webapp.WebAppContext.doStart(WebAppContext.java:517)
	at org.eclipse.jetty.maven.plugin.JettyWebAppContext.doStart(JettyWebAppContext.java:398)
	at org.eclipse.jetty.util.component.AbstractLifeCycle.start(AbstractLifeCycle.java:68)
	at org.eclipse.jetty.util.component.ContainerLifeCycle.start(ContainerLifeCycle.java:132)
	at org.eclipse.jetty.util.component.ContainerLifeCycle.doStart(ContainerLifeCycle.java:114)
	at org.eclipse.jetty.server.handler.AbstractHandler.doStart(AbstractHandler.java:61)
	at org.eclipse.jetty.server.handler.ContextHandlerCollection.doStart(ContextHandlerCollection.java:161)
	at org.eclipse.jetty.util.component.AbstractLifeCycle.start(AbstractLifeCycle.java:68)
	at org.eclipse.jetty.util.component.ContainerLifeCycle.start(ContainerLifeCycle.java:132)
	at org.eclipse.jetty.util.component.ContainerLifeCycle.doStart(ContainerLifeCycle.java:114)
	at org.eclipse.jetty.server.handler.AbstractHandler.doStart(AbstractHandler.java:61)
	at org.eclipse.jetty.util.component.AbstractLifeCycle.start(AbstractLifeCycle.java:68)
	at org.eclipse.jetty.util.component.ContainerLifeCycle.start(ContainerLifeCycle.java:132)
	at org.eclipse.jetty.server.Server.start(Server.java:405)
	at org.eclipse.jetty.util.component.ContainerLifeCycle.doStart(ContainerLifeCycle.java:106)
	at org.eclipse.jetty.server.handler.AbstractHandler.doStart(AbstractHandler.java:61)
	at org.eclipse.jetty.server.Server.doStart(Server.java:372)
	at org.eclipse.jetty.util.component.AbstractLifeCycle.start(AbstractLifeCycle.java:68)
	at org.eclipse.jetty.maven.plugin.AbstractJettyMojo.startJetty(AbstractJettyMojo.java:460)
	at org.eclipse.jetty.maven.plugin.AbstractJettyMojo.execute(AbstractJettyMojo.java:328)
	at org.eclipse.jetty.maven.plugin.JettyRunMojo.execute(JettyRunMojo.java:170)
	at org.apache.maven.plugin.DefaultBuildPluginManager.executeMojo(DefaultBuildPluginManager.java:137)
	at org.apache.maven.lifecycle.internal.MojoExecutor.execute(MojoExecutor.java:208)
	at org.apache.maven.lifecycle.internal.MojoExecutor.execute(MojoExecutor.java:154)
	at org.apache.maven.lifecycle.internal.MojoExecutor.execute(MojoExecutor.java:146)
	at org.apache.maven.lifecycle.internal.LifecycleModuleBuilder.buildProject(LifecycleModuleBuilder.java:117)
	at org.apache.maven.lifecycle.internal.LifecycleModuleBuilder.buildProject(LifecycleModuleBuilder.java:81)
	at org.apache.maven.lifecycle.internal.builder.singlethreaded.SingleThreadedBuilder.build(SingleThreadedBuilder.java:56)
	at org.apache.maven.lifecycle.internal.LifecycleStarter.execute(LifecycleStarter.java:128)
	at org.apache.maven.DefaultMaven.doExecute(DefaultMaven.java:305)
	at org.apache.maven.DefaultMaven.doExecute(DefaultMaven.java:192)
	at org.apache.maven.DefaultMaven.execute(DefaultMaven.java:105)
	at org.apache.maven.cli.MavenCli.execute(MavenCli.java:954)
	at org.apache.maven.cli.MavenCli.doMain(MavenCli.java:288)
	at org.apache.maven.cli.MavenCli.main(MavenCli.java:192)
	at sun.reflect.NativeMethodAccessorImpl.invoke0(Native Method)
	at sun.reflect.NativeMethodAccessorImpl.invoke(NativeMethodAccessorImpl.java:62)
	at sun.reflect.DelegatingMethodAccessorImpl.invoke(DelegatingMethodAccessorImpl.java:43)
	at java.lang.reflect.Method.invoke(Method.java:498)
	at org.codehaus.plexus.classworlds.launcher.Launcher.launchEnhanced(Launcher.java:289)
	at org.codehaus.plexus.classworlds.launcher.Launcher.launch(Launcher.java:229)
	at org.codehaus.plexus.classworlds.launcher.Launcher.mainWithExitCode(Launcher.java:415)
	at org.codehaus.plexus.classworlds.launcher.Launcher.main(Launcher.java:356)
	at org.codehaus.classworlds.Launcher.main(Launcher.java:47)
Caused by: java.lang.NoClassDefFoundError: org/aspectj/lang/annotation/Around
	at org.springframework.aop.aspectj.annotation.ReflectiveAspectJAdvisorFactory.<clinit>(ReflectiveAspectJAdvisorFactory.java:77)
	at org.springframework.aop.aspectj.annotation.AnnotationAwareAspectJAutoProxyCreator.initBeanFactory(AnnotationAwareAspectJAutoProxyCreator.java:78)
	at org.springframework.aop.framework.autoproxy.AbstractAdvisorAutoProxyCreator.setBeanFactory(AbstractAdvisorAutoProxyCreator.java:60)
	at org.springframework.beans.factory.support.AbstractAutowireCapableBeanFactory.invokeAwareMethods(AbstractAutowireCapableBeanFactory.java:1647)
	at org.springframework.beans.factory.support.AbstractAutowireCapableBeanFactory.initializeBean(AbstractAutowireCapableBeanFactory.java:1615)
	at org.springframework.beans.factory.support.AbstractAutowireCapableBeanFactory.doCreateBean(AbstractAutowireCapableBeanFactory.java:555)
	... 64 more
Caused by: java.lang.ClassNotFoundException: org.aspectj.lang.annotation.Around
	at org.codehaus.plexus.classworlds.strategy.SelfFirstStrategy.loadClass(SelfFirstStrategy.java:50)
	at org.codehaus.plexus.classworlds.realm.ClassRealm.unsynchronizedLoadClass(ClassRealm.java:271)
	at org.codehaus.plexus.classworlds.realm.ClassRealm.loadClass(ClassRealm.java:247)
	at org.codehaus.plexus.classworlds.realm.ClassRealm.loadClass(ClassRealm.java:239)
	at org.eclipse.jetty.webapp.WebAppClassLoader.loadClass(WebAppClassLoader.java:487)
	at org.eclipse.jetty.webapp.WebAppClassLoader.loadClass(WebAppClassLoader.java:428)
	... 70 more
2019-06-12 11:21:21 ContextLoader.java INFO Root WebApplicationContext: initialization started
2019-06-12 11:21:21 AbstractApplicationContext.java INFO Refreshing Root WebApplicationContext: startup date [Wed Jun 12 11:21:21 CST 2019]; root of context hierarchy
2019-06-12 11:21:21 XmlBeanDefinitionReader.java INFO Loading XML bean definitions from class path resource [app-context.xml]
2019-06-12 11:21:22 XmlBeanDefinitionReader.java INFO Loading XML bean definitions from class path resource [dubbo-consumer.xml]
2019-06-12 11:21:22 ? INFO using logger: com.alibaba.dubbo.common.logger.log4j.Log4jLoggerAdapter
2019-06-12 11:21:22 AutowiredAnnotationBeanPostProcessor.java INFO JSR-330 'javax.inject.Inject' annotation found and supported for autowiring
2019-06-12 11:21:23 ZkEventThread.java INFO Starting ZkClient event thread.
2019-06-12 11:21:23 Environment.java INFO Client environment:zookeeper.version=3.3.3-1073969, built on 02/23/2011 22:27 GMT
2019-06-12 11:21:23 Environment.java INFO Client environment:host.name=DESKTOP-99JO1SO
2019-06-12 11:21:23 Environment.java INFO Client environment:java.version=1.8.0_191
2019-06-12 11:21:23 Environment.java INFO Client environment:java.vendor=Oracle Corporation
2019-06-12 11:21:23 Environment.java INFO Client environment:java.home=D:\soft\jdk\jre
2019-06-12 11:21:23 Environment.java INFO Client environment:java.class.path=D:\soft\packagetool\maven\apache-maven-3.5.4\boot\plexus-classworlds-2.5.2.jar;D:\soft\programmetool\idea\IntelliJ IDEA 2018.2.5\lib\idea_rt.jar
2019-06-12 11:21:23 Environment.java INFO Client environment:java.library.path=D:\soft\jdk\bin;C:\Windows\Sun\Java\bin;C:\Windows\system32;C:\Windows;C:\Program Files (x86)\Intel\Intel(R) Management Engine Components\iCLS\;C:\Program Files\Intel\Intel(R) Management Engine Components\iCLS\;C:\Windows\system32;C:\Windows;C:\Windows\System32\Wbem;C:\Windows\System32\WindowsPowerShell\v1.0\;C:\Windows\System32\OpenSSH\;C:\Program Files (x86)\Intel\Intel(R) Management Engine Components\DAL;C:\Program Files\Intel\Intel(R) Management Engine Components\DAL;C:\Program Files (x86)\Intel\Intel(R) Management Engine Components\IPT;C:\Program Files\Intel\Intel(R) Management Engine Components\IPT;C:\Program Files\Intel\WiFi\bin\;C:\Program Files\Common Files\Intel\WirelessCommon\;C:\Program Files (x86)\NVIDIA Corporation\PhysX\Common;D:\soft\jdk\bin;D:\soft\packagetool\maven\apache-maven-3.5.4\bin;D:\soft\scala\bin;D:\soft\scala\bin;D:\soft\vcs\git\Git\cmd;D:\soft\vcs\svn\bin;D:\soft\python\python2;D:\soft\python\python3;D:\soft\python\python2\Scripts;D:\soft\python\python3\Scripts;D:\soft\packagetool\sbt\bin;D:\soft\hadoop\hadoop-common-2.6.0-bin-master\bin;D:\soft\packagetool\ant\apache-ant-1.10.5\bin;D:\soft\cmake\bin;D:\soft\zlib\zlib-1.2.8;%GRADLE_HOME%\bin;C:\Users\吴彰涛\AppData\Local\Microsoft\WindowsApps;;.
2019-06-12 11:21:23 Environment.java INFO Client environment:java.io.tmpdir=C:\Users\吴彰涛\AppData\Local\Temp\
2019-06-12 11:21:23 Environment.java INFO Client environment:java.compiler=<NA>
2019-06-12 11:21:23 Environment.java INFO Client environment:os.name=Windows 10
2019-06-12 11:21:23 Environment.java INFO Client environment:os.arch=amd64
2019-06-12 11:21:23 Environment.java INFO Client environment:os.version=10.0
2019-06-12 11:21:23 Environment.java INFO Client environment:user.name=吴彰涛
2019-06-12 11:21:23 Environment.java INFO Client environment:user.home=C:\Users\吴彰涛
2019-06-12 11:21:23 Environment.java INFO Client environment:user.dir=D:\data\idea\java\private\github-self-workspace\dubbo-demo\DubboConsumer
2019-06-12 11:21:23 ZooKeeper.java INFO Initiating client connection, connectString=192.168.1.100:2181 sessionTimeout=30000 watcher=org.I0Itec.zkclient.ZkClient@6ddc67d0
2019-06-12 11:21:23 ClientCnxn.java INFO Opening socket connection to server /192.168.1.100:2181
2019-06-12 11:21:23 ClientCnxn.java INFO Socket connection established to ubuntu2/192.168.1.100:2181, initiating session
2019-06-12 11:21:23 ClientCnxn.java INFO Session establishment complete on server ubuntu2/192.168.1.100:2181, sessionid = 0x26b497626c80001, negotiated timeout = 30000
2019-06-12 11:21:23 ZkClient.java INFO zookeeper state changed (SyncConnected)
2019-06-12 11:21:23 AbstractRegistry.java INFO  [DUBBO] Register: consumer://192.168.1.1/com.ztwu.dubbo.service.IProviderService?application=dubboConsumer&category=consumers&check=false&dubbo=2.5.3&interface=com.ztwu.dubbo.service.IProviderService&methods=helloGirl,helloBoy&pid=11764&retries=0&revision=1.0-SNAPSHOT&side=consumer&timeout=120000&timestamp=1560309682900, dubbo version: 2.5.3, current host: 192.168.1.1
2019-06-12 11:21:23 AbstractRegistry.java INFO  [DUBBO] Subscribe: consumer://192.168.1.1/com.ztwu.dubbo.service.IProviderService?application=dubboConsumer&category=providers,configurators,routers&dubbo=2.5.3&interface=com.ztwu.dubbo.service.IProviderService&methods=helloGirl,helloBoy&pid=11764&retries=0&revision=1.0-SNAPSHOT&side=consumer&timeout=120000&timestamp=1560309682900, dubbo version: 2.5.3, current host: 192.168.1.1
2019-06-12 11:21:23 AbstractRegistry.java INFO  [DUBBO] Notify urls for subscribe url consumer://192.168.1.1/com.ztwu.dubbo.service.IProviderService?application=dubboConsumer&category=providers,configurators,routers&dubbo=2.5.3&interface=com.ztwu.dubbo.service.IProviderService&methods=helloGirl,helloBoy&pid=11764&retries=0&revision=1.0-SNAPSHOT&side=consumer&timeout=120000&timestamp=1560309682900, urls: [empty://192.168.1.1/com.ztwu.dubbo.service.IProviderService?application=dubboConsumer&category=providers&dubbo=2.5.3&interface=com.ztwu.dubbo.service.IProviderService&methods=helloGirl,helloBoy&pid=11764&retries=0&revision=1.0-SNAPSHOT&side=consumer&timeout=120000&timestamp=1560309682900, empty://192.168.1.1/com.ztwu.dubbo.service.IProviderService?application=dubboConsumer&category=configurators&dubbo=2.5.3&interface=com.ztwu.dubbo.service.IProviderService&methods=helloGirl,helloBoy&pid=11764&retries=0&revision=1.0-SNAPSHOT&side=consumer&timeout=120000&timestamp=1560309682900, empty://192.168.1.1/com.ztwu.dubbo.service.IProviderService?application=dubboConsumer&category=routers&dubbo=2.5.3&interface=com.ztwu.dubbo.service.IProviderService&methods=helloGirl,helloBoy&pid=11764&retries=0&revision=1.0-SNAPSHOT&side=consumer&timeout=120000&timestamp=1560309682900], dubbo version: 2.5.3, current host: 192.168.1.1
2019-06-12 11:21:23 AbstractApplicationContext.java WARN Exception encountered during context initialization - cancelling refresh attempt: org.springframework.beans.factory.BeanCreationException: Error creating bean with name 'helloApi': Injection of resource dependencies failed; nested exception is org.springframework.beans.factory.BeanCreationException: Error creating bean with name 'consumerService': Injection of resource dependencies failed; nested exception is org.springframework.beans.factory.BeanCreationException: Error creating bean with name 'providerService': FactoryBean threw exception on object creation; nested exception is java.lang.IllegalStateException: Failed to check the status of the service com.ztwu.dubbo.service.IProviderService. No provider available for the service com.ztwu.dubbo.service.IProviderService from the url zookeeper://192.168.1.100:2181/com.alibaba.dubbo.registry.RegistryService?application=dubboConsumer&dubbo=2.5.3&interface=com.ztwu.dubbo.service.IProviderService&methods=helloGirl,helloBoy&pid=11764&retries=0&revision=1.0-SNAPSHOT&side=consumer&timeout=120000&timestamp=1560309682900 to the consumer 192.168.1.1 use dubbo version 2.5.3
2019-06-12 11:21:23 ContextLoader.java ERROR Context initialization failed
org.springframework.beans.factory.BeanCreationException: Error creating bean with name 'helloApi': Injection of resource dependencies failed; nested exception is org.springframework.beans.factory.BeanCreationException: Error creating bean with name 'consumerService': Injection of resource dependencies failed; nested exception is org.springframework.beans.factory.BeanCreationException: Error creating bean with name 'providerService': FactoryBean threw exception on object creation; nested exception is java.lang.IllegalStateException: Failed to check the status of the service com.ztwu.dubbo.service.IProviderService. No provider available for the service com.ztwu.dubbo.service.IProviderService from the url zookeeper://192.168.1.100:2181/com.alibaba.dubbo.registry.RegistryService?application=dubboConsumer&dubbo=2.5.3&interface=com.ztwu.dubbo.service.IProviderService&methods=helloGirl,helloBoy&pid=11764&retries=0&revision=1.0-SNAPSHOT&side=consumer&timeout=120000&timestamp=1560309682900 to the consumer 192.168.1.1 use dubbo version 2.5.3
	at org.springframework.context.annotation.CommonAnnotationBeanPostProcessor.postProcessPropertyValues(CommonAnnotationBeanPostProcessor.java:321)
	at org.springframework.beans.factory.support.AbstractAutowireCapableBeanFactory.populateBean(AbstractAutowireCapableBeanFactory.java:1264)
	at org.springframework.beans.factory.support.AbstractAutowireCapableBeanFactory.doCreateBean(AbstractAutowireCapableBeanFactory.java:553)
	at org.springframework.beans.factory.support.AbstractAutowireCapableBeanFactory.createBean(AbstractAutowireCapableBeanFactory.java:483)
	at org.springframework.beans.factory.support.AbstractBeanFactory$1.getObject(AbstractBeanFactory.java:306)
	at org.springframework.beans.factory.support.DefaultSingletonBeanRegistry.getSingleton(DefaultSingletonBeanRegistry.java:230)
	at org.springframework.beans.factory.support.AbstractBeanFactory.doGetBean(AbstractBeanFactory.java:302)
	at org.springframework.beans.factory.support.AbstractBeanFactory.getBean(AbstractBeanFactory.java:197)
	at org.springframework.beans.factory.support.DefaultListableBeanFactory.preInstantiateSingletons(DefaultListableBeanFactory.java:761)
	at org.springframework.context.support.AbstractApplicationContext.finishBeanFactoryInitialization(AbstractApplicationContext.java:866)
	at org.springframework.context.support.AbstractApplicationContext.refresh(AbstractApplicationContext.java:542)
	at org.springframework.web.context.ContextLoader.configureAndRefreshWebApplicationContext(ContextLoader.java:443)
	at org.springframework.web.context.ContextLoader.initWebApplicationContext(ContextLoader.java:325)
	at org.springframework.web.context.ContextLoaderListener.contextInitialized(ContextLoaderListener.java:107)
	at org.eclipse.jetty.server.handler.ContextHandler.callContextInitialized(ContextHandler.java:835)
	at org.eclipse.jetty.servlet.ServletContextHandler.callContextInitialized(ServletContextHandler.java:534)
	at org.eclipse.jetty.server.handler.ContextHandler.startContext(ContextHandler.java:808)
	at org.eclipse.jetty.servlet.ServletContextHandler.startContext(ServletContextHandler.java:346)
	at org.eclipse.jetty.webapp.WebAppContext.startWebapp(WebAppContext.java:1379)
	at org.eclipse.jetty.maven.plugin.JettyWebAppContext.startWebapp(JettyWebAppContext.java:323)
	at org.eclipse.jetty.webapp.WebAppContext.startContext(WebAppContext.java:1341)
	at org.eclipse.jetty.server.handler.ContextHandler.doStart(ContextHandler.java:772)
	at org.eclipse.jetty.servlet.ServletContextHandler.doStart(ServletContextHandler.java:263)
	at org.eclipse.jetty.webapp.WebAppContext.doStart(WebAppContext.java:517)
	at org.eclipse.jetty.maven.plugin.JettyWebAppContext.doStart(JettyWebAppContext.java:398)
	at org.eclipse.jetty.util.component.AbstractLifeCycle.start(AbstractLifeCycle.java:68)
	at org.eclipse.jetty.util.component.ContainerLifeCycle.start(ContainerLifeCycle.java:132)
	at org.eclipse.jetty.util.component.ContainerLifeCycle.doStart(ContainerLifeCycle.java:114)
	at org.eclipse.jetty.server.handler.AbstractHandler.doStart(AbstractHandler.java:61)
	at org.eclipse.jetty.server.handler.ContextHandlerCollection.doStart(ContextHandlerCollection.java:161)
	at org.eclipse.jetty.util.component.AbstractLifeCycle.start(AbstractLifeCycle.java:68)
	at org.eclipse.jetty.util.component.ContainerLifeCycle.start(ContainerLifeCycle.java:132)
	at org.eclipse.jetty.util.component.ContainerLifeCycle.doStart(ContainerLifeCycle.java:114)
	at org.eclipse.jetty.server.handler.AbstractHandler.doStart(AbstractHandler.java:61)
	at org.eclipse.jetty.util.component.AbstractLifeCycle.start(AbstractLifeCycle.java:68)
	at org.eclipse.jetty.util.component.ContainerLifeCycle.start(ContainerLifeCycle.java:132)
	at org.eclipse.jetty.server.Server.start(Server.java:405)
	at org.eclipse.jetty.util.component.ContainerLifeCycle.doStart(ContainerLifeCycle.java:106)
	at org.eclipse.jetty.server.handler.AbstractHandler.doStart(AbstractHandler.java:61)
	at org.eclipse.jetty.server.Server.doStart(Server.java:372)
	at org.eclipse.jetty.util.component.AbstractLifeCycle.start(AbstractLifeCycle.java:68)
	at org.eclipse.jetty.maven.plugin.AbstractJettyMojo.startJetty(AbstractJettyMojo.java:460)
	at org.eclipse.jetty.maven.plugin.AbstractJettyMojo.execute(AbstractJettyMojo.java:328)
	at org.eclipse.jetty.maven.plugin.JettyRunMojo.execute(JettyRunMojo.java:170)
	at org.apache.maven.plugin.DefaultBuildPluginManager.executeMojo(DefaultBuildPluginManager.java:137)
	at org.apache.maven.lifecycle.internal.MojoExecutor.execute(MojoExecutor.java:208)
	at org.apache.maven.lifecycle.internal.MojoExecutor.execute(MojoExecutor.java:154)
	at org.apache.maven.lifecycle.internal.MojoExecutor.execute(MojoExecutor.java:146)
	at org.apache.maven.lifecycle.internal.LifecycleModuleBuilder.buildProject(LifecycleModuleBuilder.java:117)
	at org.apache.maven.lifecycle.internal.LifecycleModuleBuilder.buildProject(LifecycleModuleBuilder.java:81)
	at org.apache.maven.lifecycle.internal.builder.singlethreaded.SingleThreadedBuilder.build(SingleThreadedBuilder.java:56)
	at org.apache.maven.lifecycle.internal.LifecycleStarter.execute(LifecycleStarter.java:128)
	at org.apache.maven.DefaultMaven.doExecute(DefaultMaven.java:305)
	at org.apache.maven.DefaultMaven.doExecute(DefaultMaven.java:192)
	at org.apache.maven.DefaultMaven.execute(DefaultMaven.java:105)
	at org.apache.maven.cli.MavenCli.execute(MavenCli.java:954)
	at org.apache.maven.cli.MavenCli.doMain(MavenCli.java:288)
	at org.apache.maven.cli.MavenCli.main(MavenCli.java:192)
	at sun.reflect.NativeMethodAccessorImpl.invoke0(Native Method)
	at sun.reflect.NativeMethodAccessorImpl.invoke(NativeMethodAccessorImpl.java:62)
	at sun.reflect.DelegatingMethodAccessorImpl.invoke(DelegatingMethodAccessorImpl.java:43)
	at java.lang.reflect.Method.invoke(Method.java:498)
	at org.codehaus.plexus.classworlds.launcher.Launcher.launchEnhanced(Launcher.java:289)
	at org.codehaus.plexus.classworlds.launcher.Launcher.launch(Launcher.java:229)
	at org.codehaus.plexus.classworlds.launcher.Launcher.mainWithExitCode(Launcher.java:415)
	at org.codehaus.plexus.classworlds.launcher.Launcher.main(Launcher.java:356)
	at org.codehaus.classworlds.Launcher.main(Launcher.java:47)
Caused by: org.springframework.beans.factory.BeanCreationException: Error creating bean with name 'consumerService': Injection of resource dependencies failed; nested exception is org.springframework.beans.factory.BeanCreationException: Error creating bean with name 'providerService': FactoryBean threw exception on object creation; nested exception is java.lang.IllegalStateException: Failed to check the status of the service com.ztwu.dubbo.service.IProviderService. No provider available for the service com.ztwu.dubbo.service.IProviderService from the url zookeeper://192.168.1.100:2181/com.alibaba.dubbo.registry.RegistryService?application=dubboConsumer&dubbo=2.5.3&interface=com.ztwu.dubbo.service.IProviderService&methods=helloGirl,helloBoy&pid=11764&retries=0&revision=1.0-SNAPSHOT&side=consumer&timeout=120000&timestamp=1560309682900 to the consumer 192.168.1.1 use dubbo version 2.5.3
	at org.springframework.context.annotation.CommonAnnotationBeanPostProcessor.postProcessPropertyValues(CommonAnnotationBeanPostProcessor.java:321)
	at org.springframework.beans.factory.support.AbstractAutowireCapableBeanFactory.populateBean(AbstractAutowireCapableBeanFactory.java:1264)
	at org.springframework.beans.factory.support.AbstractAutowireCapableBeanFactory.doCreateBean(AbstractAutowireCapableBeanFactory.java:553)
	at org.springframework.beans.factory.support.AbstractAutowireCapableBeanFactory.createBean(AbstractAutowireCapableBeanFactory.java:483)
	at org.springframework.beans.factory.support.AbstractBeanFactory$1.getObject(AbstractBeanFactory.java:306)
	at org.springframework.beans.factory.support.DefaultSingletonBeanRegistry.getSingleton(DefaultSingletonBeanRegistry.java:230)
	at org.springframework.beans.factory.support.AbstractBeanFactory.doGetBean(AbstractBeanFactory.java:302)
	at org.springframework.beans.factory.support.AbstractBeanFactory.getBean(AbstractBeanFactory.java:202)
	at org.springframework.context.annotation.CommonAnnotationBeanPostProcessor.autowireResource(CommonAnnotationBeanPostProcessor.java:522)
	at org.springframework.context.annotation.CommonAnnotationBeanPostProcessor.getResource(CommonAnnotationBeanPostProcessor.java:496)
	at org.springframework.context.annotation.CommonAnnotationBeanPostProcessor$ResourceElement.getResourceToInject(CommonAnnotationBeanPostProcessor.java:627)
	at org.springframework.beans.factory.annotation.InjectionMetadata$InjectedElement.inject(InjectionMetadata.java:169)
	at org.springframework.beans.factory.annotation.InjectionMetadata.inject(InjectionMetadata.java:88)
	at org.springframework.context.annotation.CommonAnnotationBeanPostProcessor.postProcessPropertyValues(CommonAnnotationBeanPostProcessor.java:318)
	... 66 more
Caused by: org.springframework.beans.factory.BeanCreationException: Error creating bean with name 'providerService': FactoryBean threw exception on object creation; nested exception is java.lang.IllegalStateException: Failed to check the status of the service com.ztwu.dubbo.service.IProviderService. No provider available for the service com.ztwu.dubbo.service.IProviderService from the url zookeeper://192.168.1.100:2181/com.alibaba.dubbo.registry.RegistryService?application=dubboConsumer&dubbo=2.5.3&interface=com.ztwu.dubbo.service.IProviderService&methods=helloGirl,helloBoy&pid=11764&retries=0&revision=1.0-SNAPSHOT&side=consumer&timeout=120000&timestamp=1560309682900 to the consumer 192.168.1.1 use dubbo version 2.5.3
	at org.springframework.beans.factory.support.FactoryBeanRegistrySupport.doGetObjectFromFactoryBean(FactoryBeanRegistrySupport.java:175)
	at org.springframework.beans.factory.support.FactoryBeanRegistrySupport.getObjectFromFactoryBean(FactoryBeanRegistrySupport.java:103)
	at org.springframework.beans.factory.support.AbstractBeanFactory.getObjectForBeanInstance(AbstractBeanFactory.java:1634)
	at org.springframework.beans.factory.support.AbstractBeanFactory.doGetBean(AbstractBeanFactory.java:317)
	at org.springframework.beans.factory.support.AbstractBeanFactory.getBean(AbstractBeanFactory.java:202)
	at org.springframework.context.annotation.CommonAnnotationBeanPostProcessor.autowireResource(CommonAnnotationBeanPostProcessor.java:522)
	at org.springframework.context.annotation.CommonAnnotationBeanPostProcessor.getResource(CommonAnnotationBeanPostProcessor.java:496)
	at org.springframework.context.annotation.CommonAnnotationBeanPostProcessor$ResourceElement.getResourceToInject(CommonAnnotationBeanPostProcessor.java:627)
	at org.springframework.beans.factory.annotation.InjectionMetadata$InjectedElement.inject(InjectionMetadata.java:169)
	at org.springframework.beans.factory.annotation.InjectionMetadata.inject(InjectionMetadata.java:88)
	at org.springframework.context.annotation.CommonAnnotationBeanPostProcessor.postProcessPropertyValues(CommonAnnotationBeanPostProcessor.java:318)
	... 79 more
Caused by: java.lang.IllegalStateException: Failed to check the status of the service com.ztwu.dubbo.service.IProviderService. No provider available for the service com.ztwu.dubbo.service.IProviderService from the url zookeeper://192.168.1.100:2181/com.alibaba.dubbo.registry.RegistryService?application=dubboConsumer&dubbo=2.5.3&interface=com.ztwu.dubbo.service.IProviderService&methods=helloGirl,helloBoy&pid=11764&retries=0&revision=1.0-SNAPSHOT&side=consumer&timeout=120000&timestamp=1560309682900 to the consumer 192.168.1.1 use dubbo version 2.5.3
	at com.alibaba.dubbo.config.ReferenceConfig.createProxy(ReferenceConfig.java:420)
	at com.alibaba.dubbo.config.ReferenceConfig.init(ReferenceConfig.java:300)
	at com.alibaba.dubbo.config.ReferenceConfig.get(ReferenceConfig.java:138)
	at com.alibaba.dubbo.config.spring.ReferenceBean.getObject(ReferenceBean.java:65)
	at org.springframework.beans.factory.support.FactoryBeanRegistrySupport.doGetObjectFromFactoryBean(FactoryBeanRegistrySupport.java:168)
	... 89 more
